Terminals unused in grammar

   EOF_


State 56 conflicts: 10 shift/reduce
State 152 conflicts: 1 shift/reduce


Grammar

    0 $accept: Goal $end

    1 Goal: MacroDefinition_ MainClass TypeDeclaration_

    2 MacroDefinition_: MacroDefinition MacroDefinition_
    3                 | %empty

    4 TypeDeclaration_: TypeDeclaration TypeDeclaration_
    5                 | %empty

    6 MainClass: CLASS Identifier LEFTBRACE PUBLIC STATIC VOID MAIN LEFTPAREN STRING LEFTBR RIGHTBR Identifier RIGHTPAREN LEFTBRACE PRINTLN LEFTPAREN Expression RIGHTPAREN SEMICOLON RIGHTBRACE RIGHTBRACE

    7 MethodDeclaration: PUBLIC Type Identifier LEFTPAREN typeIdentifier_3 RIGHTPAREN LEFTBRACE typeIdentifier_1 Statement_ RETURN Expression SEMICOLON RIGHTBRACE

    8 TypeDeclaration: CLASS Identifier LEFTBRACE typeIdentifier_1 MethodDeclaration_ RIGHTBRACE
    9                | CLASS Identifier EXTENDS Identifier LEFTBRACE typeIdentifier_1 MethodDeclaration_ RIGHTBRACE

   10 MethodDeclaration_: MethodDeclaration MethodDeclaration_
   11                   | %empty

   12 typeIdentifier1: Type Identifier SEMICOLON

   13 typeIdentifier_1: typeIdentifier_1 typeIdentifier1
   14                 | %empty

   15 typeIdentifier_2: typeIdentifier2 typeIdentifier_2
   16                 | %empty

   17 typeIdentifier2: COMMA Type Identifier

   18 typeIdentifier_3: Type Identifier typeIdentifier_2
   19                 | %empty

   20 Type: INT LEFTBR RIGHTBR
   21     | BOOLEAN
   22     | INT
   23     | Identifier

   24 Statement: LEFTBRACE Statement_ RIGHTBRACE
   25          | PRINTLN LEFTPAREN Expression RIGHTPAREN SEMICOLON
   26          | Identifier ASSIGN Expression SEMICOLON
   27          | Identifier LEFTBR Expression RIGHTBR ASSIGN Expression SEMICOLON
   28          | IF_ LEFTPAREN Expression RIGHTPAREN Statement
   29          | IF_ LEFTPAREN Expression RIGHTPAREN Statement ELSE_ Statement
   30          | WHILE LEFTPAREN Expression RIGHTPAREN Statement
   31          | Identifier LEFTPAREN Expression Expression_ RIGHTPAREN SEMICOLON
   32          | Identifier LEFTPAREN RIGHTPAREN SEMICOLON

   33 Expression_: COMMA Expression Expression_
   34            | %empty

   35 Expression: PrimaryExpression BIT_AND PrimaryExpression
   36           | PrimaryExpression BIT_OR PrimaryExpression
   37           | PrimaryExpression NOTEQ PrimaryExpression
   38           | PrimaryExpression LESSEQ PrimaryExpression
   39           | PrimaryExpression PLUS PrimaryExpression
   40           | PrimaryExpression MINUS PrimaryExpression
   41           | PrimaryExpression MULTIPLY PrimaryExpression
   42           | PrimaryExpression DIVIDE PrimaryExpression
   43           | PrimaryExpression LEFTBR PrimaryExpression RIGHTBR
   44           | PrimaryExpression PERIOD LENGTH
   45           | PrimaryExpression
   46           | PrimaryExpression PERIOD Identifier LEFTPAREN Expression Expression_ RIGHTPAREN
   47           | PrimaryExpression PERIOD Identifier LEFTPAREN RIGHTPAREN
   48           | Identifier LEFTPAREN Expression Expression_ RIGHTPAREN
   49           | Identifier LEFTPAREN RIGHTPAREN

   50 PrimaryExpression: Integer
   51                  | TRUEVAL
   52                  | FALSEVAL
   53                  | Identifier
   54                  | THIS
   55                  | NEW INT LEFTBR Expression RIGHTBR
   56                  | NEW Identifier LEFTPAREN RIGHTPAREN
   57                  | NOT Expression
   58                  | LEFTPAREN Expression RIGHTPAREN

   59 MacroDefinition: MacroDefExpression
   60                | MacroDefStatement

   61 CheckMacro: HASH DEFINE

   62 MacroDefStatement: CheckMacro Identifier LEFTPAREN Identifier_1 RIGHTPAREN LEFTBRACE Statement_ RIGHTBRACE

   63 MacroDefExpression: CheckMacro Identifier LEFTPAREN Identifier_1 RIGHTPAREN LEFTPAREN Expression RIGHTPAREN

   64 Identifier: IDENTIFIER

   65 Integer: INTEGER_LITERAL

   66 Identifier_: COMMA Identifier Identifier_
   67            | %empty

   68 Identifier_1: Identifier Identifier_
   69             | %empty

   70 Statement_: Statement Statement_
   71           | %empty


Terminals, with rules where they appear

$end (0) 0
error (256)
SEMICOLON (258) 6 7 12 25 26 27 31 32
IDENTIFIER (259) 64
EOF_ (260)
LEFTPAREN (261) 6 7 25 28 29 30 31 32 46 47 48 49 56 58 62 63
RIGHTPAREN (262) 6 7 25 28 29 30 31 32 46 47 48 49 56 58 62 63
LEFTBR (263) 6 20 27 43 55
RIGHTBR (264) 6 20 27 43 55
LEFTBRACE (265) 6 7 8 9 24 62
RIGHTBRACE (266) 6 7 8 9 24 62
PUBLIC (267) 6 7
STATIC (268) 6
MAIN (269) 6
VOID (270) 6
STRING (271) 6
CLASS (272) 6 8 9
EXTENDS (273) 9
RETURN (274) 7
INT (275) 20 22 55
BOOLEAN (276) 21
COMMA (277) 17 33 66
IF_ (278) 28 29
ELSE_ (279) 29
ASSIGN (280) 26 27
PRINTLN (281) 6 25
BIT_AND (282) 35
BIT_OR (283) 36
NOTEQ (284) 37
LESSEQ (285) 38
PLUS (286) 39
MINUS (287) 40
MULTIPLY (288) 41
DIVIDE (289) 42
PERIOD (290) 44 46 47
TRUEVAL (291) 51
FALSEVAL (292) 52
THIS (293) 54
NEW (294) 55 56
NOT (295) 57
HASH (296) 61
DEFINE (297) 61
INTEGER_LITERAL (298) 65
WHILE (299) 30
LENGTH (300) 44


Nonterminals, with rules where they appear

$accept (46)
    on left: 0
Goal (47)
    on left: 1, on right: 0
MacroDefinition_ (48)
    on left: 2 3, on right: 1 2
TypeDeclaration_ (49)
    on left: 4 5, on right: 1 4
MainClass (50)
    on left: 6, on right: 1
MethodDeclaration (51)
    on left: 7, on right: 10
TypeDeclaration (52)
    on left: 8 9, on right: 4
MethodDeclaration_ (53)
    on left: 10 11, on right: 8 9 10
typeIdentifier1 (54)
    on left: 12, on right: 13
typeIdentifier_1 (55)
    on left: 13 14, on right: 7 8 9 13
typeIdentifier_2 (56)
    on left: 15 16, on right: 15 18
typeIdentifier2 (57)
    on left: 17, on right: 15
typeIdentifier_3 (58)
    on left: 18 19, on right: 7
Type (59)
    on left: 20 21 22 23, on right: 7 12 17 18
Statement (60)
    on left: 24 25 26 27 28 29 30 31 32, on right: 28 29 30 70
Expression_ (61)
    on left: 33 34, on right: 31 33 46 48
Expression (62)
    on left: 35 36 37 38 39 40 41 42 43 44 45 46 47 48 49, on right:
    6 7 25 26 27 28 29 30 31 33 46 48 55 57 58 63
PrimaryExpression (63)
    on left: 50 51 52 53 54 55 56 57 58, on right: 35 36 37 38 39 40
    41 42 43 44 45 46 47
MacroDefinition (64)
    on left: 59 60, on right: 2
CheckMacro (65)
    on left: 61, on right: 62 63
MacroDefStatement (66)
    on left: 62, on right: 60
MacroDefExpression (67)
    on left: 63, on right: 59
Identifier (68)
    on left: 64, on right: 6 7 8 9 12 17 18 23 26 27 31 32 46 47 48
    49 53 56 62 63 66 68
Integer (69)
    on left: 65, on right: 50
Identifier_ (70)
    on left: 66 67, on right: 66 68
Identifier_1 (71)
    on left: 68 69, on right: 62 63
Statement_ (72)
    on left: 70 71, on right: 7 24 62 70


State 0

    0 $accept: . Goal $end

    HASH  shift, and go to state 1

    $default  reduce using rule 3 (MacroDefinition_)

    Goal                go to state 2
    MacroDefinition_    go to state 3
    MacroDefinition     go to state 4
    CheckMacro          go to state 5
    MacroDefStatement   go to state 6
    MacroDefExpression  go to state 7


State 1

   61 CheckMacro: HASH . DEFINE

    DEFINE  shift, and go to state 8


State 2

    0 $accept: Goal . $end

    $end  shift, and go to state 9


State 3

    1 Goal: MacroDefinition_ . MainClass TypeDeclaration_

    CLASS  shift, and go to state 10

    MainClass  go to state 11


State 4

    2 MacroDefinition_: MacroDefinition . MacroDefinition_

    HASH  shift, and go to state 1

    $default  reduce using rule 3 (MacroDefinition_)

    MacroDefinition_    go to state 12
    MacroDefinition     go to state 4
    CheckMacro          go to state 5
    MacroDefStatement   go to state 6
    MacroDefExpression  go to state 7


State 5

   62 MacroDefStatement: CheckMacro . Identifier LEFTPAREN Identifier_1 RIGHTPAREN LEFTBRACE Statement_ RIGHTBRACE
   63 MacroDefExpression: CheckMacro . Identifier LEFTPAREN Identifier_1 RIGHTPAREN LEFTPAREN Expression RIGHTPAREN

    IDENTIFIER  shift, and go to state 13

    Identifier  go to state 14


State 6

   60 MacroDefinition: MacroDefStatement .

    $default  reduce using rule 60 (MacroDefinition)


State 7

   59 MacroDefinition: MacroDefExpression .

    $default  reduce using rule 59 (MacroDefinition)


State 8

   61 CheckMacro: HASH DEFINE .

    $default  reduce using rule 61 (CheckMacro)


State 9

    0 $accept: Goal $end .

    $default  accept


State 10

    6 MainClass: CLASS . Identifier LEFTBRACE PUBLIC STATIC VOID MAIN LEFTPAREN STRING LEFTBR RIGHTBR Identifier RIGHTPAREN LEFTBRACE PRINTLN LEFTPAREN Expression RIGHTPAREN SEMICOLON RIGHTBRACE RIGHTBRACE

    IDENTIFIER  shift, and go to state 13

    Identifier  go to state 15


State 11

    1 Goal: MacroDefinition_ MainClass . TypeDeclaration_

    CLASS  shift, and go to state 16

    $default  reduce using rule 5 (TypeDeclaration_)

    TypeDeclaration_  go to state 17
    TypeDeclaration   go to state 18


State 12

    2 MacroDefinition_: MacroDefinition MacroDefinition_ .

    $default  reduce using rule 2 (MacroDefinition_)


State 13

   64 Identifier: IDENTIFIER .

    $default  reduce using rule 64 (Identifier)


State 14

   62 MacroDefStatement: CheckMacro Identifier . LEFTPAREN Identifier_1 RIGHTPAREN LEFTBRACE Statement_ RIGHTBRACE
   63 MacroDefExpression: CheckMacro Identifier . LEFTPAREN Identifier_1 RIGHTPAREN LEFTPAREN Expression RIGHTPAREN

    LEFTPAREN  shift, and go to state 19


State 15

    6 MainClass: CLASS Identifier . LEFTBRACE PUBLIC STATIC VOID MAIN LEFTPAREN STRING LEFTBR RIGHTBR Identifier RIGHTPAREN LEFTBRACE PRINTLN LEFTPAREN Expression RIGHTPAREN SEMICOLON RIGHTBRACE RIGHTBRACE

    LEFTBRACE  shift, and go to state 20


State 16

    8 TypeDeclaration: CLASS . Identifier LEFTBRACE typeIdentifier_1 MethodDeclaration_ RIGHTBRACE
    9                | CLASS . Identifier EXTENDS Identifier LEFTBRACE typeIdentifier_1 MethodDeclaration_ RIGHTBRACE

    IDENTIFIER  shift, and go to state 13

    Identifier  go to state 21


State 17

    1 Goal: MacroDefinition_ MainClass TypeDeclaration_ .

    $default  reduce using rule 1 (Goal)


State 18

    4 TypeDeclaration_: TypeDeclaration . TypeDeclaration_

    CLASS  shift, and go to state 16

    $default  reduce using rule 5 (TypeDeclaration_)

    TypeDeclaration_  go to state 22
    TypeDeclaration   go to state 18


State 19

   62 MacroDefStatement: CheckMacro Identifier LEFTPAREN . Identifier_1 RIGHTPAREN LEFTBRACE Statement_ RIGHTBRACE
   63 MacroDefExpression: CheckMacro Identifier LEFTPAREN . Identifier_1 RIGHTPAREN LEFTPAREN Expression RIGHTPAREN

    IDENTIFIER  shift, and go to state 13

    $default  reduce using rule 69 (Identifier_1)

    Identifier    go to state 23
    Identifier_1  go to state 24


State 20

    6 MainClass: CLASS Identifier LEFTBRACE . PUBLIC STATIC VOID MAIN LEFTPAREN STRING LEFTBR RIGHTBR Identifier RIGHTPAREN LEFTBRACE PRINTLN LEFTPAREN Expression RIGHTPAREN SEMICOLON RIGHTBRACE RIGHTBRACE

    PUBLIC  shift, and go to state 25


State 21

    8 TypeDeclaration: CLASS Identifier . LEFTBRACE typeIdentifier_1 MethodDeclaration_ RIGHTBRACE
    9                | CLASS Identifier . EXTENDS Identifier LEFTBRACE typeIdentifier_1 MethodDeclaration_ RIGHTBRACE

    LEFTBRACE  shift, and go to state 26
    EXTENDS    shift, and go to state 27


State 22

    4 TypeDeclaration_: TypeDeclaration TypeDeclaration_ .

    $default  reduce using rule 4 (TypeDeclaration_)


State 23

   68 Identifier_1: Identifier . Identifier_

    COMMA  shift, and go to state 28

    $default  reduce using rule 67 (Identifier_)

    Identifier_  go to state 29


State 24

   62 MacroDefStatement: CheckMacro Identifier LEFTPAREN Identifier_1 . RIGHTPAREN LEFTBRACE Statement_ RIGHTBRACE
   63 MacroDefExpression: CheckMacro Identifier LEFTPAREN Identifier_1 . RIGHTPAREN LEFTPAREN Expression RIGHTPAREN

    RIGHTPAREN  shift, and go to state 30


State 25

    6 MainClass: CLASS Identifier LEFTBRACE PUBLIC . STATIC VOID MAIN LEFTPAREN STRING LEFTBR RIGHTBR Identifier RIGHTPAREN LEFTBRACE PRINTLN LEFTPAREN Expression RIGHTPAREN SEMICOLON RIGHTBRACE RIGHTBRACE

    STATIC  shift, and go to state 31


State 26

    8 TypeDeclaration: CLASS Identifier LEFTBRACE . typeIdentifier_1 MethodDeclaration_ RIGHTBRACE

    $default  reduce using rule 14 (typeIdentifier_1)

    typeIdentifier_1  go to state 32


State 27

    9 TypeDeclaration: CLASS Identifier EXTENDS . Identifier LEFTBRACE typeIdentifier_1 MethodDeclaration_ RIGHTBRACE

    IDENTIFIER  shift, and go to state 13

    Identifier  go to state 33


State 28

   66 Identifier_: COMMA . Identifier Identifier_

    IDENTIFIER  shift, and go to state 13

    Identifier  go to state 34


State 29

   68 Identifier_1: Identifier Identifier_ .

    $default  reduce using rule 68 (Identifier_1)


State 30

   62 MacroDefStatement: CheckMacro Identifier LEFTPAREN Identifier_1 RIGHTPAREN . LEFTBRACE Statement_ RIGHTBRACE
   63 MacroDefExpression: CheckMacro Identifier LEFTPAREN Identifier_1 RIGHTPAREN . LEFTPAREN Expression RIGHTPAREN

    LEFTPAREN  shift, and go to state 35
    LEFTBRACE  shift, and go to state 36


State 31

    6 MainClass: CLASS Identifier LEFTBRACE PUBLIC STATIC . VOID MAIN LEFTPAREN STRING LEFTBR RIGHTBR Identifier RIGHTPAREN LEFTBRACE PRINTLN LEFTPAREN Expression RIGHTPAREN SEMICOLON RIGHTBRACE RIGHTBRACE

    VOID  shift, and go to state 37


State 32

    8 TypeDeclaration: CLASS Identifier LEFTBRACE typeIdentifier_1 . MethodDeclaration_ RIGHTBRACE
   13 typeIdentifier_1: typeIdentifier_1 . typeIdentifier1

    IDENTIFIER  shift, and go to state 13
    PUBLIC      shift, and go to state 38
    INT         shift, and go to state 39
    BOOLEAN     shift, and go to state 40

    $default  reduce using rule 11 (MethodDeclaration_)

    MethodDeclaration   go to state 41
    MethodDeclaration_  go to state 42
    typeIdentifier1     go to state 43
    Type                go to state 44
    Identifier          go to state 45


State 33

    9 TypeDeclaration: CLASS Identifier EXTENDS Identifier . LEFTBRACE typeIdentifier_1 MethodDeclaration_ RIGHTBRACE

    LEFTBRACE  shift, and go to state 46


State 34

   66 Identifier_: COMMA Identifier . Identifier_

    COMMA  shift, and go to state 28

    $default  reduce using rule 67 (Identifier_)

    Identifier_  go to state 47


State 35

   63 MacroDefExpression: CheckMacro Identifier LEFTPAREN Identifier_1 RIGHTPAREN LEFTPAREN . Expression RIGHTPAREN

    IDENTIFIER       shift, and go to state 13
    LEFTPAREN        shift, and go to state 48
    TRUEVAL          shift, and go to state 49
    FALSEVAL         shift, and go to state 50
    THIS             shift, and go to state 51
    NEW              shift, and go to state 52
    NOT              shift, and go to state 53
    INTEGER_LITERAL  shift, and go to state 54

    Expression         go to state 55
    PrimaryExpression  go to state 56
    Identifier         go to state 57
    Integer            go to state 58


State 36

   62 MacroDefStatement: CheckMacro Identifier LEFTPAREN Identifier_1 RIGHTPAREN LEFTBRACE . Statement_ RIGHTBRACE

    IDENTIFIER  shift, and go to state 13
    LEFTBRACE   shift, and go to state 59
    IF_         shift, and go to state 60
    PRINTLN     shift, and go to state 61
    WHILE       shift, and go to state 62

    $default  reduce using rule 71 (Statement_)

    Statement   go to state 63
    Identifier  go to state 64
    Statement_  go to state 65


State 37

    6 MainClass: CLASS Identifier LEFTBRACE PUBLIC STATIC VOID . MAIN LEFTPAREN STRING LEFTBR RIGHTBR Identifier RIGHTPAREN LEFTBRACE PRINTLN LEFTPAREN Expression RIGHTPAREN SEMICOLON RIGHTBRACE RIGHTBRACE

    MAIN  shift, and go to state 66


State 38

    7 MethodDeclaration: PUBLIC . Type Identifier LEFTPAREN typeIdentifier_3 RIGHTPAREN LEFTBRACE typeIdentifier_1 Statement_ RETURN Expression SEMICOLON RIGHTBRACE

    IDENTIFIER  shift, and go to state 13
    INT         shift, and go to state 39
    BOOLEAN     shift, and go to state 40

    Type        go to state 67
    Identifier  go to state 45


State 39

   20 Type: INT . LEFTBR RIGHTBR
   22     | INT .

    LEFTBR  shift, and go to state 68

    $default  reduce using rule 22 (Type)


State 40

   21 Type: BOOLEAN .

    $default  reduce using rule 21 (Type)


State 41

   10 MethodDeclaration_: MethodDeclaration . MethodDeclaration_

    PUBLIC  shift, and go to state 38

    $default  reduce using rule 11 (MethodDeclaration_)

    MethodDeclaration   go to state 41
    MethodDeclaration_  go to state 69


State 42

    8 TypeDeclaration: CLASS Identifier LEFTBRACE typeIdentifier_1 MethodDeclaration_ . RIGHTBRACE

    RIGHTBRACE  shift, and go to state 70


State 43

   13 typeIdentifier_1: typeIdentifier_1 typeIdentifier1 .

    $default  reduce using rule 13 (typeIdentifier_1)


State 44

   12 typeIdentifier1: Type . Identifier SEMICOLON

    IDENTIFIER  shift, and go to state 13

    Identifier  go to state 71


State 45

   23 Type: Identifier .

    $default  reduce using rule 23 (Type)


State 46

    9 TypeDeclaration: CLASS Identifier EXTENDS Identifier LEFTBRACE . typeIdentifier_1 MethodDeclaration_ RIGHTBRACE

    $default  reduce using rule 14 (typeIdentifier_1)

    typeIdentifier_1  go to state 72


State 47

   66 Identifier_: COMMA Identifier Identifier_ .

    $default  reduce using rule 66 (Identifier_)


State 48

   58 PrimaryExpression: LEFTPAREN . Expression RIGHTPAREN

    IDENTIFIER       shift, and go to state 13
    LEFTPAREN        shift, and go to state 48
    TRUEVAL          shift, and go to state 49
    FALSEVAL         shift, and go to state 50
    THIS             shift, and go to state 51
    NEW              shift, and go to state 52
    NOT              shift, and go to state 53
    INTEGER_LITERAL  shift, and go to state 54

    Expression         go to state 73
    PrimaryExpression  go to state 56
    Identifier         go to state 57
    Integer            go to state 58


State 49

   51 PrimaryExpression: TRUEVAL .

    $default  reduce using rule 51 (PrimaryExpression)


State 50

   52 PrimaryExpression: FALSEVAL .

    $default  reduce using rule 52 (PrimaryExpression)


State 51

   54 PrimaryExpression: THIS .

    $default  reduce using rule 54 (PrimaryExpression)


State 52

   55 PrimaryExpression: NEW . INT LEFTBR Expression RIGHTBR
   56                  | NEW . Identifier LEFTPAREN RIGHTPAREN

    IDENTIFIER  shift, and go to state 13
    INT         shift, and go to state 74

    Identifier  go to state 75


State 53

   57 PrimaryExpression: NOT . Expression

    IDENTIFIER       shift, and go to state 13
    LEFTPAREN        shift, and go to state 48
    TRUEVAL          shift, and go to state 49
    FALSEVAL         shift, and go to state 50
    THIS             shift, and go to state 51
    NEW              shift, and go to state 52
    NOT              shift, and go to state 53
    INTEGER_LITERAL  shift, and go to state 54

    Expression         go to state 76
    PrimaryExpression  go to state 56
    Identifier         go to state 57
    Integer            go to state 58


State 54

   65 Integer: INTEGER_LITERAL .

    $default  reduce using rule 65 (Integer)


State 55

   63 MacroDefExpression: CheckMacro Identifier LEFTPAREN Identifier_1 RIGHTPAREN LEFTPAREN Expression . RIGHTPAREN

    RIGHTPAREN  shift, and go to state 77


State 56

   35 Expression: PrimaryExpression . BIT_AND PrimaryExpression
   36           | PrimaryExpression . BIT_OR PrimaryExpression
   37           | PrimaryExpression . NOTEQ PrimaryExpression
   38           | PrimaryExpression . LESSEQ PrimaryExpression
   39           | PrimaryExpression . PLUS PrimaryExpression
   40           | PrimaryExpression . MINUS PrimaryExpression
   41           | PrimaryExpression . MULTIPLY PrimaryExpression
   42           | PrimaryExpression . DIVIDE PrimaryExpression
   43           | PrimaryExpression . LEFTBR PrimaryExpression RIGHTBR
   44           | PrimaryExpression . PERIOD LENGTH
   45           | PrimaryExpression .
   46           | PrimaryExpression . PERIOD Identifier LEFTPAREN Expression Expression_ RIGHTPAREN
   47           | PrimaryExpression . PERIOD Identifier LEFTPAREN RIGHTPAREN

    LEFTBR    shift, and go to state 78
    BIT_AND   shift, and go to state 79
    BIT_OR    shift, and go to state 80
    NOTEQ     shift, and go to state 81
    LESSEQ    shift, and go to state 82
    PLUS      shift, and go to state 83
    MINUS     shift, and go to state 84
    MULTIPLY  shift, and go to state 85
    DIVIDE    shift, and go to state 86
    PERIOD    shift, and go to state 87

    LEFTBR    [reduce using rule 45 (Expression)]
    BIT_AND   [reduce using rule 45 (Expression)]
    BIT_OR    [reduce using rule 45 (Expression)]
    NOTEQ     [reduce using rule 45 (Expression)]
    LESSEQ    [reduce using rule 45 (Expression)]
    PLUS      [reduce using rule 45 (Expression)]
    MINUS     [reduce using rule 45 (Expression)]
    MULTIPLY  [reduce using rule 45 (Expression)]
    DIVIDE    [reduce using rule 45 (Expression)]
    PERIOD    [reduce using rule 45 (Expression)]
    $default  reduce using rule 45 (Expression)


State 57

   48 Expression: Identifier . LEFTPAREN Expression Expression_ RIGHTPAREN
   49           | Identifier . LEFTPAREN RIGHTPAREN
   53 PrimaryExpression: Identifier .

    LEFTPAREN  shift, and go to state 88

    $default  reduce using rule 53 (PrimaryExpression)


State 58

   50 PrimaryExpression: Integer .

    $default  reduce using rule 50 (PrimaryExpression)


State 59

   24 Statement: LEFTBRACE . Statement_ RIGHTBRACE

    IDENTIFIER  shift, and go to state 13
    LEFTBRACE   shift, and go to state 59
    IF_         shift, and go to state 60
    PRINTLN     shift, and go to state 61
    WHILE       shift, and go to state 62

    $default  reduce using rule 71 (Statement_)

    Statement   go to state 63
    Identifier  go to state 64
    Statement_  go to state 89


State 60

   28 Statement: IF_ . LEFTPAREN Expression RIGHTPAREN Statement
   29          | IF_ . LEFTPAREN Expression RIGHTPAREN Statement ELSE_ Statement

    LEFTPAREN  shift, and go to state 90


State 61

   25 Statement: PRINTLN . LEFTPAREN Expression RIGHTPAREN SEMICOLON

    LEFTPAREN  shift, and go to state 91


State 62

   30 Statement: WHILE . LEFTPAREN Expression RIGHTPAREN Statement

    LEFTPAREN  shift, and go to state 92


State 63

   70 Statement_: Statement . Statement_

    IDENTIFIER  shift, and go to state 13
    LEFTBRACE   shift, and go to state 59
    IF_         shift, and go to state 60
    PRINTLN     shift, and go to state 61
    WHILE       shift, and go to state 62

    $default  reduce using rule 71 (Statement_)

    Statement   go to state 63
    Identifier  go to state 64
    Statement_  go to state 93


State 64

   26 Statement: Identifier . ASSIGN Expression SEMICOLON
   27          | Identifier . LEFTBR Expression RIGHTBR ASSIGN Expression SEMICOLON
   31          | Identifier . LEFTPAREN Expression Expression_ RIGHTPAREN SEMICOLON
   32          | Identifier . LEFTPAREN RIGHTPAREN SEMICOLON

    LEFTPAREN  shift, and go to state 94
    LEFTBR     shift, and go to state 95
    ASSIGN     shift, and go to state 96


State 65

   62 MacroDefStatement: CheckMacro Identifier LEFTPAREN Identifier_1 RIGHTPAREN LEFTBRACE Statement_ . RIGHTBRACE

    RIGHTBRACE  shift, and go to state 97


State 66

    6 MainClass: CLASS Identifier LEFTBRACE PUBLIC STATIC VOID MAIN . LEFTPAREN STRING LEFTBR RIGHTBR Identifier RIGHTPAREN LEFTBRACE PRINTLN LEFTPAREN Expression RIGHTPAREN SEMICOLON RIGHTBRACE RIGHTBRACE

    LEFTPAREN  shift, and go to state 98


State 67

    7 MethodDeclaration: PUBLIC Type . Identifier LEFTPAREN typeIdentifier_3 RIGHTPAREN LEFTBRACE typeIdentifier_1 Statement_ RETURN Expression SEMICOLON RIGHTBRACE

    IDENTIFIER  shift, and go to state 13

    Identifier  go to state 99


State 68

   20 Type: INT LEFTBR . RIGHTBR

    RIGHTBR  shift, and go to state 100


State 69

   10 MethodDeclaration_: MethodDeclaration MethodDeclaration_ .

    $default  reduce using rule 10 (MethodDeclaration_)


State 70

    8 TypeDeclaration: CLASS Identifier LEFTBRACE typeIdentifier_1 MethodDeclaration_ RIGHTBRACE .

    $default  reduce using rule 8 (TypeDeclaration)


State 71

   12 typeIdentifier1: Type Identifier . SEMICOLON

    SEMICOLON  shift, and go to state 101


State 72

    9 TypeDeclaration: CLASS Identifier EXTENDS Identifier LEFTBRACE typeIdentifier_1 . MethodDeclaration_ RIGHTBRACE
   13 typeIdentifier_1: typeIdentifier_1 . typeIdentifier1

    IDENTIFIER  shift, and go to state 13
    PUBLIC      shift, and go to state 38
    INT         shift, and go to state 39
    BOOLEAN     shift, and go to state 40

    $default  reduce using rule 11 (MethodDeclaration_)

    MethodDeclaration   go to state 41
    MethodDeclaration_  go to state 102
    typeIdentifier1     go to state 43
    Type                go to state 44
    Identifier          go to state 45


State 73

   58 PrimaryExpression: LEFTPAREN Expression . RIGHTPAREN

    RIGHTPAREN  shift, and go to state 103


State 74

   55 PrimaryExpression: NEW INT . LEFTBR Expression RIGHTBR

    LEFTBR  shift, and go to state 104


State 75

   56 PrimaryExpression: NEW Identifier . LEFTPAREN RIGHTPAREN

    LEFTPAREN  shift, and go to state 105


State 76

   57 PrimaryExpression: NOT Expression .

    $default  reduce using rule 57 (PrimaryExpression)


State 77

   63 MacroDefExpression: CheckMacro Identifier LEFTPAREN Identifier_1 RIGHTPAREN LEFTPAREN Expression RIGHTPAREN .

    $default  reduce using rule 63 (MacroDefExpression)


State 78

   43 Expression: PrimaryExpression LEFTBR . PrimaryExpression RIGHTBR

    IDENTIFIER       shift, and go to state 13
    LEFTPAREN        shift, and go to state 48
    TRUEVAL          shift, and go to state 49
    FALSEVAL         shift, and go to state 50
    THIS             shift, and go to state 51
    NEW              shift, and go to state 52
    NOT              shift, and go to state 53
    INTEGER_LITERAL  shift, and go to state 54

    PrimaryExpression  go to state 106
    Identifier         go to state 107
    Integer            go to state 58


State 79

   35 Expression: PrimaryExpression BIT_AND . PrimaryExpression

    IDENTIFIER       shift, and go to state 13
    LEFTPAREN        shift, and go to state 48
    TRUEVAL          shift, and go to state 49
    FALSEVAL         shift, and go to state 50
    THIS             shift, and go to state 51
    NEW              shift, and go to state 52
    NOT              shift, and go to state 53
    INTEGER_LITERAL  shift, and go to state 54

    PrimaryExpression  go to state 108
    Identifier         go to state 107
    Integer            go to state 58


State 80

   36 Expression: PrimaryExpression BIT_OR . PrimaryExpression

    IDENTIFIER       shift, and go to state 13
    LEFTPAREN        shift, and go to state 48
    TRUEVAL          shift, and go to state 49
    FALSEVAL         shift, and go to state 50
    THIS             shift, and go to state 51
    NEW              shift, and go to state 52
    NOT              shift, and go to state 53
    INTEGER_LITERAL  shift, and go to state 54

    PrimaryExpression  go to state 109
    Identifier         go to state 107
    Integer            go to state 58


State 81

   37 Expression: PrimaryExpression NOTEQ . PrimaryExpression

    IDENTIFIER       shift, and go to state 13
    LEFTPAREN        shift, and go to state 48
    TRUEVAL          shift, and go to state 49
    FALSEVAL         shift, and go to state 50
    THIS             shift, and go to state 51
    NEW              shift, and go to state 52
    NOT              shift, and go to state 53
    INTEGER_LITERAL  shift, and go to state 54

    PrimaryExpression  go to state 110
    Identifier         go to state 107
    Integer            go to state 58


State 82

   38 Expression: PrimaryExpression LESSEQ . PrimaryExpression

    IDENTIFIER       shift, and go to state 13
    LEFTPAREN        shift, and go to state 48
    TRUEVAL          shift, and go to state 49
    FALSEVAL         shift, and go to state 50
    THIS             shift, and go to state 51
    NEW              shift, and go to state 52
    NOT              shift, and go to state 53
    INTEGER_LITERAL  shift, and go to state 54

    PrimaryExpression  go to state 111
    Identifier         go to state 107
    Integer            go to state 58


State 83

   39 Expression: PrimaryExpression PLUS . PrimaryExpression

    IDENTIFIER       shift, and go to state 13
    LEFTPAREN        shift, and go to state 48
    TRUEVAL          shift, and go to state 49
    FALSEVAL         shift, and go to state 50
    THIS             shift, and go to state 51
    NEW              shift, and go to state 52
    NOT              shift, and go to state 53
    INTEGER_LITERAL  shift, and go to state 54

    PrimaryExpression  go to state 112
    Identifier         go to state 107
    Integer            go to state 58


State 84

   40 Expression: PrimaryExpression MINUS . PrimaryExpression

    IDENTIFIER       shift, and go to state 13
    LEFTPAREN        shift, and go to state 48
    TRUEVAL          shift, and go to state 49
    FALSEVAL         shift, and go to state 50
    THIS             shift, and go to state 51
    NEW              shift, and go to state 52
    NOT              shift, and go to state 53
    INTEGER_LITERAL  shift, and go to state 54

    PrimaryExpression  go to state 113
    Identifier         go to state 107
    Integer            go to state 58


State 85

   41 Expression: PrimaryExpression MULTIPLY . PrimaryExpression

    IDENTIFIER       shift, and go to state 13
    LEFTPAREN        shift, and go to state 48
    TRUEVAL          shift, and go to state 49
    FALSEVAL         shift, and go to state 50
    THIS             shift, and go to state 51
    NEW              shift, and go to state 52
    NOT              shift, and go to state 53
    INTEGER_LITERAL  shift, and go to state 54

    PrimaryExpression  go to state 114
    Identifier         go to state 107
    Integer            go to state 58


State 86

   42 Expression: PrimaryExpression DIVIDE . PrimaryExpression

    IDENTIFIER       shift, and go to state 13
    LEFTPAREN        shift, and go to state 48
    TRUEVAL          shift, and go to state 49
    FALSEVAL         shift, and go to state 50
    THIS             shift, and go to state 51
    NEW              shift, and go to state 52
    NOT              shift, and go to state 53
    INTEGER_LITERAL  shift, and go to state 54

    PrimaryExpression  go to state 115
    Identifier         go to state 107
    Integer            go to state 58


State 87

   44 Expression: PrimaryExpression PERIOD . LENGTH
   46           | PrimaryExpression PERIOD . Identifier LEFTPAREN Expression Expression_ RIGHTPAREN
   47           | PrimaryExpression PERIOD . Identifier LEFTPAREN RIGHTPAREN

    IDENTIFIER  shift, and go to state 13
    LENGTH      shift, and go to state 116

    Identifier  go to state 117


State 88

   48 Expression: Identifier LEFTPAREN . Expression Expression_ RIGHTPAREN
   49           | Identifier LEFTPAREN . RIGHTPAREN

    IDENTIFIER       shift, and go to state 13
    LEFTPAREN        shift, and go to state 48
    RIGHTPAREN       shift, and go to state 118
    TRUEVAL          shift, and go to state 49
    FALSEVAL         shift, and go to state 50
    THIS             shift, and go to state 51
    NEW              shift, and go to state 52
    NOT              shift, and go to state 53
    INTEGER_LITERAL  shift, and go to state 54

    Expression         go to state 119
    PrimaryExpression  go to state 56
    Identifier         go to state 57
    Integer            go to state 58


State 89

   24 Statement: LEFTBRACE Statement_ . RIGHTBRACE

    RIGHTBRACE  shift, and go to state 120


State 90

   28 Statement: IF_ LEFTPAREN . Expression RIGHTPAREN Statement
   29          | IF_ LEFTPAREN . Expression RIGHTPAREN Statement ELSE_ Statement

    IDENTIFIER       shift, and go to state 13
    LEFTPAREN        shift, and go to state 48
    TRUEVAL          shift, and go to state 49
    FALSEVAL         shift, and go to state 50
    THIS             shift, and go to state 51
    NEW              shift, and go to state 52
    NOT              shift, and go to state 53
    INTEGER_LITERAL  shift, and go to state 54

    Expression         go to state 121
    PrimaryExpression  go to state 56
    Identifier         go to state 57
    Integer            go to state 58


State 91

   25 Statement: PRINTLN LEFTPAREN . Expression RIGHTPAREN SEMICOLON

    IDENTIFIER       shift, and go to state 13
    LEFTPAREN        shift, and go to state 48
    TRUEVAL          shift, and go to state 49
    FALSEVAL         shift, and go to state 50
    THIS             shift, and go to state 51
    NEW              shift, and go to state 52
    NOT              shift, and go to state 53
    INTEGER_LITERAL  shift, and go to state 54

    Expression         go to state 122
    PrimaryExpression  go to state 56
    Identifier         go to state 57
    Integer            go to state 58


State 92

   30 Statement: WHILE LEFTPAREN . Expression RIGHTPAREN Statement

    IDENTIFIER       shift, and go to state 13
    LEFTPAREN        shift, and go to state 48
    TRUEVAL          shift, and go to state 49
    FALSEVAL         shift, and go to state 50
    THIS             shift, and go to state 51
    NEW              shift, and go to state 52
    NOT              shift, and go to state 53
    INTEGER_LITERAL  shift, and go to state 54

    Expression         go to state 123
    PrimaryExpression  go to state 56
    Identifier         go to state 57
    Integer            go to state 58


State 93

   70 Statement_: Statement Statement_ .

    $default  reduce using rule 70 (Statement_)


State 94

   31 Statement: Identifier LEFTPAREN . Expression Expression_ RIGHTPAREN SEMICOLON
   32          | Identifier LEFTPAREN . RIGHTPAREN SEMICOLON

    IDENTIFIER       shift, and go to state 13
    LEFTPAREN        shift, and go to state 48
    RIGHTPAREN       shift, and go to state 124
    TRUEVAL          shift, and go to state 49
    FALSEVAL         shift, and go to state 50
    THIS             shift, and go to state 51
    NEW              shift, and go to state 52
    NOT              shift, and go to state 53
    INTEGER_LITERAL  shift, and go to state 54

    Expression         go to state 125
    PrimaryExpression  go to state 56
    Identifier         go to state 57
    Integer            go to state 58


State 95

   27 Statement: Identifier LEFTBR . Expression RIGHTBR ASSIGN Expression SEMICOLON

    IDENTIFIER       shift, and go to state 13
    LEFTPAREN        shift, and go to state 48
    TRUEVAL          shift, and go to state 49
    FALSEVAL         shift, and go to state 50
    THIS             shift, and go to state 51
    NEW              shift, and go to state 52
    NOT              shift, and go to state 53
    INTEGER_LITERAL  shift, and go to state 54

    Expression         go to state 126
    PrimaryExpression  go to state 56
    Identifier         go to state 57
    Integer            go to state 58


State 96

   26 Statement: Identifier ASSIGN . Expression SEMICOLON

    IDENTIFIER       shift, and go to state 13
    LEFTPAREN        shift, and go to state 48
    TRUEVAL          shift, and go to state 49
    FALSEVAL         shift, and go to state 50
    THIS             shift, and go to state 51
    NEW              shift, and go to state 52
    NOT              shift, and go to state 53
    INTEGER_LITERAL  shift, and go to state 54

    Expression         go to state 127
    PrimaryExpression  go to state 56
    Identifier         go to state 57
    Integer            go to state 58


State 97

   62 MacroDefStatement: CheckMacro Identifier LEFTPAREN Identifier_1 RIGHTPAREN LEFTBRACE Statement_ RIGHTBRACE .

    $default  reduce using rule 62 (MacroDefStatement)


State 98

    6 MainClass: CLASS Identifier LEFTBRACE PUBLIC STATIC VOID MAIN LEFTPAREN . STRING LEFTBR RIGHTBR Identifier RIGHTPAREN LEFTBRACE PRINTLN LEFTPAREN Expression RIGHTPAREN SEMICOLON RIGHTBRACE RIGHTBRACE

    STRING  shift, and go to state 128


State 99

    7 MethodDeclaration: PUBLIC Type Identifier . LEFTPAREN typeIdentifier_3 RIGHTPAREN LEFTBRACE typeIdentifier_1 Statement_ RETURN Expression SEMICOLON RIGHTBRACE

    LEFTPAREN  shift, and go to state 129


State 100

   20 Type: INT LEFTBR RIGHTBR .

    $default  reduce using rule 20 (Type)


State 101

   12 typeIdentifier1: Type Identifier SEMICOLON .

    $default  reduce using rule 12 (typeIdentifier1)


State 102

    9 TypeDeclaration: CLASS Identifier EXTENDS Identifier LEFTBRACE typeIdentifier_1 MethodDeclaration_ . RIGHTBRACE

    RIGHTBRACE  shift, and go to state 130


State 103

   58 PrimaryExpression: LEFTPAREN Expression RIGHTPAREN .

    $default  reduce using rule 58 (PrimaryExpression)


State 104

   55 PrimaryExpression: NEW INT LEFTBR . Expression RIGHTBR

    IDENTIFIER       shift, and go to state 13
    LEFTPAREN        shift, and go to state 48
    TRUEVAL          shift, and go to state 49
    FALSEVAL         shift, and go to state 50
    THIS             shift, and go to state 51
    NEW              shift, and go to state 52
    NOT              shift, and go to state 53
    INTEGER_LITERAL  shift, and go to state 54

    Expression         go to state 131
    PrimaryExpression  go to state 56
    Identifier         go to state 57
    Integer            go to state 58


State 105

   56 PrimaryExpression: NEW Identifier LEFTPAREN . RIGHTPAREN

    RIGHTPAREN  shift, and go to state 132


State 106

   43 Expression: PrimaryExpression LEFTBR PrimaryExpression . RIGHTBR

    RIGHTBR  shift, and go to state 133


State 107

   53 PrimaryExpression: Identifier .

    $default  reduce using rule 53 (PrimaryExpression)


State 108

   35 Expression: PrimaryExpression BIT_AND PrimaryExpression .

    $default  reduce using rule 35 (Expression)


State 109

   36 Expression: PrimaryExpression BIT_OR PrimaryExpression .

    $default  reduce using rule 36 (Expression)


State 110

   37 Expression: PrimaryExpression NOTEQ PrimaryExpression .

    $default  reduce using rule 37 (Expression)


State 111

   38 Expression: PrimaryExpression LESSEQ PrimaryExpression .

    $default  reduce using rule 38 (Expression)


State 112

   39 Expression: PrimaryExpression PLUS PrimaryExpression .

    $default  reduce using rule 39 (Expression)


State 113

   40 Expression: PrimaryExpression MINUS PrimaryExpression .

    $default  reduce using rule 40 (Expression)


State 114

   41 Expression: PrimaryExpression MULTIPLY PrimaryExpression .

    $default  reduce using rule 41 (Expression)


State 115

   42 Expression: PrimaryExpression DIVIDE PrimaryExpression .

    $default  reduce using rule 42 (Expression)


State 116

   44 Expression: PrimaryExpression PERIOD LENGTH .

    $default  reduce using rule 44 (Expression)


State 117

   46 Expression: PrimaryExpression PERIOD Identifier . LEFTPAREN Expression Expression_ RIGHTPAREN
   47           | PrimaryExpression PERIOD Identifier . LEFTPAREN RIGHTPAREN

    LEFTPAREN  shift, and go to state 134


State 118

   49 Expression: Identifier LEFTPAREN RIGHTPAREN .

    $default  reduce using rule 49 (Expression)


State 119

   48 Expression: Identifier LEFTPAREN Expression . Expression_ RIGHTPAREN

    COMMA  shift, and go to state 135

    $default  reduce using rule 34 (Expression_)

    Expression_  go to state 136


State 120

   24 Statement: LEFTBRACE Statement_ RIGHTBRACE .

    $default  reduce using rule 24 (Statement)


State 121

   28 Statement: IF_ LEFTPAREN Expression . RIGHTPAREN Statement
   29          | IF_ LEFTPAREN Expression . RIGHTPAREN Statement ELSE_ Statement

    RIGHTPAREN  shift, and go to state 137


State 122

   25 Statement: PRINTLN LEFTPAREN Expression . RIGHTPAREN SEMICOLON

    RIGHTPAREN  shift, and go to state 138


State 123

   30 Statement: WHILE LEFTPAREN Expression . RIGHTPAREN Statement

    RIGHTPAREN  shift, and go to state 139


State 124

   32 Statement: Identifier LEFTPAREN RIGHTPAREN . SEMICOLON

    SEMICOLON  shift, and go to state 140


State 125

   31 Statement: Identifier LEFTPAREN Expression . Expression_ RIGHTPAREN SEMICOLON

    COMMA  shift, and go to state 135

    $default  reduce using rule 34 (Expression_)

    Expression_  go to state 141


State 126

   27 Statement: Identifier LEFTBR Expression . RIGHTBR ASSIGN Expression SEMICOLON

    RIGHTBR  shift, and go to state 142


State 127

   26 Statement: Identifier ASSIGN Expression . SEMICOLON

    SEMICOLON  shift, and go to state 143


State 128

    6 MainClass: CLASS Identifier LEFTBRACE PUBLIC STATIC VOID MAIN LEFTPAREN STRING . LEFTBR RIGHTBR Identifier RIGHTPAREN LEFTBRACE PRINTLN LEFTPAREN Expression RIGHTPAREN SEMICOLON RIGHTBRACE RIGHTBRACE

    LEFTBR  shift, and go to state 144


State 129

    7 MethodDeclaration: PUBLIC Type Identifier LEFTPAREN . typeIdentifier_3 RIGHTPAREN LEFTBRACE typeIdentifier_1 Statement_ RETURN Expression SEMICOLON RIGHTBRACE

    IDENTIFIER  shift, and go to state 13
    INT         shift, and go to state 39
    BOOLEAN     shift, and go to state 40

    $default  reduce using rule 19 (typeIdentifier_3)

    typeIdentifier_3  go to state 145
    Type              go to state 146
    Identifier        go to state 45


State 130

    9 TypeDeclaration: CLASS Identifier EXTENDS Identifier LEFTBRACE typeIdentifier_1 MethodDeclaration_ RIGHTBRACE .

    $default  reduce using rule 9 (TypeDeclaration)


State 131

   55 PrimaryExpression: NEW INT LEFTBR Expression . RIGHTBR

    RIGHTBR  shift, and go to state 147


State 132

   56 PrimaryExpression: NEW Identifier LEFTPAREN RIGHTPAREN .

    $default  reduce using rule 56 (PrimaryExpression)


State 133

   43 Expression: PrimaryExpression LEFTBR PrimaryExpression RIGHTBR .

    $default  reduce using rule 43 (Expression)


State 134

   46 Expression: PrimaryExpression PERIOD Identifier LEFTPAREN . Expression Expression_ RIGHTPAREN
   47           | PrimaryExpression PERIOD Identifier LEFTPAREN . RIGHTPAREN

    IDENTIFIER       shift, and go to state 13
    LEFTPAREN        shift, and go to state 48
    RIGHTPAREN       shift, and go to state 148
    TRUEVAL          shift, and go to state 49
    FALSEVAL         shift, and go to state 50
    THIS             shift, and go to state 51
    NEW              shift, and go to state 52
    NOT              shift, and go to state 53
    INTEGER_LITERAL  shift, and go to state 54

    Expression         go to state 149
    PrimaryExpression  go to state 56
    Identifier         go to state 57
    Integer            go to state 58


State 135

   33 Expression_: COMMA . Expression Expression_

    IDENTIFIER       shift, and go to state 13
    LEFTPAREN        shift, and go to state 48
    TRUEVAL          shift, and go to state 49
    FALSEVAL         shift, and go to state 50
    THIS             shift, and go to state 51
    NEW              shift, and go to state 52
    NOT              shift, and go to state 53
    INTEGER_LITERAL  shift, and go to state 54

    Expression         go to state 150
    PrimaryExpression  go to state 56
    Identifier         go to state 57
    Integer            go to state 58


State 136

   48 Expression: Identifier LEFTPAREN Expression Expression_ . RIGHTPAREN

    RIGHTPAREN  shift, and go to state 151


State 137

   28 Statement: IF_ LEFTPAREN Expression RIGHTPAREN . Statement
   29          | IF_ LEFTPAREN Expression RIGHTPAREN . Statement ELSE_ Statement

    IDENTIFIER  shift, and go to state 13
    LEFTBRACE   shift, and go to state 59
    IF_         shift, and go to state 60
    PRINTLN     shift, and go to state 61
    WHILE       shift, and go to state 62

    Statement   go to state 152
    Identifier  go to state 64


State 138

   25 Statement: PRINTLN LEFTPAREN Expression RIGHTPAREN . SEMICOLON

    SEMICOLON  shift, and go to state 153


State 139

   30 Statement: WHILE LEFTPAREN Expression RIGHTPAREN . Statement

    IDENTIFIER  shift, and go to state 13
    LEFTBRACE   shift, and go to state 59
    IF_         shift, and go to state 60
    PRINTLN     shift, and go to state 61
    WHILE       shift, and go to state 62

    Statement   go to state 154
    Identifier  go to state 64


State 140

   32 Statement: Identifier LEFTPAREN RIGHTPAREN SEMICOLON .

    $default  reduce using rule 32 (Statement)


State 141

   31 Statement: Identifier LEFTPAREN Expression Expression_ . RIGHTPAREN SEMICOLON

    RIGHTPAREN  shift, and go to state 155


State 142

   27 Statement: Identifier LEFTBR Expression RIGHTBR . ASSIGN Expression SEMICOLON

    ASSIGN  shift, and go to state 156


State 143

   26 Statement: Identifier ASSIGN Expression SEMICOLON .

    $default  reduce using rule 26 (Statement)


State 144

    6 MainClass: CLASS Identifier LEFTBRACE PUBLIC STATIC VOID MAIN LEFTPAREN STRING LEFTBR . RIGHTBR Identifier RIGHTPAREN LEFTBRACE PRINTLN LEFTPAREN Expression RIGHTPAREN SEMICOLON RIGHTBRACE RIGHTBRACE

    RIGHTBR  shift, and go to state 157


State 145

    7 MethodDeclaration: PUBLIC Type Identifier LEFTPAREN typeIdentifier_3 . RIGHTPAREN LEFTBRACE typeIdentifier_1 Statement_ RETURN Expression SEMICOLON RIGHTBRACE

    RIGHTPAREN  shift, and go to state 158


State 146

   18 typeIdentifier_3: Type . Identifier typeIdentifier_2

    IDENTIFIER  shift, and go to state 13

    Identifier  go to state 159


State 147

   55 PrimaryExpression: NEW INT LEFTBR Expression RIGHTBR .

    $default  reduce using rule 55 (PrimaryExpression)


State 148

   47 Expression: PrimaryExpression PERIOD Identifier LEFTPAREN RIGHTPAREN .

    $default  reduce using rule 47 (Expression)


State 149

   46 Expression: PrimaryExpression PERIOD Identifier LEFTPAREN Expression . Expression_ RIGHTPAREN

    COMMA  shift, and go to state 135

    $default  reduce using rule 34 (Expression_)

    Expression_  go to state 160


State 150

   33 Expression_: COMMA Expression . Expression_

    COMMA  shift, and go to state 135

    $default  reduce using rule 34 (Expression_)

    Expression_  go to state 161


State 151

   48 Expression: Identifier LEFTPAREN Expression Expression_ RIGHTPAREN .

    $default  reduce using rule 48 (Expression)


State 152

   28 Statement: IF_ LEFTPAREN Expression RIGHTPAREN Statement .
   29          | IF_ LEFTPAREN Expression RIGHTPAREN Statement . ELSE_ Statement

    ELSE_  shift, and go to state 162

    ELSE_     [reduce using rule 28 (Statement)]
    $default  reduce using rule 28 (Statement)


State 153

   25 Statement: PRINTLN LEFTPAREN Expression RIGHTPAREN SEMICOLON .

    $default  reduce using rule 25 (Statement)


State 154

   30 Statement: WHILE LEFTPAREN Expression RIGHTPAREN Statement .

    $default  reduce using rule 30 (Statement)


State 155

   31 Statement: Identifier LEFTPAREN Expression Expression_ RIGHTPAREN . SEMICOLON

    SEMICOLON  shift, and go to state 163


State 156

   27 Statement: Identifier LEFTBR Expression RIGHTBR ASSIGN . Expression SEMICOLON

    IDENTIFIER       shift, and go to state 13
    LEFTPAREN        shift, and go to state 48
    TRUEVAL          shift, and go to state 49
    FALSEVAL         shift, and go to state 50
    THIS             shift, and go to state 51
    NEW              shift, and go to state 52
    NOT              shift, and go to state 53
    INTEGER_LITERAL  shift, and go to state 54

    Expression         go to state 164
    PrimaryExpression  go to state 56
    Identifier         go to state 57
    Integer            go to state 58


State 157

    6 MainClass: CLASS Identifier LEFTBRACE PUBLIC STATIC VOID MAIN LEFTPAREN STRING LEFTBR RIGHTBR . Identifier RIGHTPAREN LEFTBRACE PRINTLN LEFTPAREN Expression RIGHTPAREN SEMICOLON RIGHTBRACE RIGHTBRACE

    IDENTIFIER  shift, and go to state 13

    Identifier  go to state 165


State 158

    7 MethodDeclaration: PUBLIC Type Identifier LEFTPAREN typeIdentifier_3 RIGHTPAREN . LEFTBRACE typeIdentifier_1 Statement_ RETURN Expression SEMICOLON RIGHTBRACE

    LEFTBRACE  shift, and go to state 166


State 159

   18 typeIdentifier_3: Type Identifier . typeIdentifier_2

    COMMA  shift, and go to state 167

    $default  reduce using rule 16 (typeIdentifier_2)

    typeIdentifier_2  go to state 168
    typeIdentifier2   go to state 169


State 160

   46 Expression: PrimaryExpression PERIOD Identifier LEFTPAREN Expression Expression_ . RIGHTPAREN

    RIGHTPAREN  shift, and go to state 170


State 161

   33 Expression_: COMMA Expression Expression_ .

    $default  reduce using rule 33 (Expression_)


State 162

   29 Statement: IF_ LEFTPAREN Expression RIGHTPAREN Statement ELSE_ . Statement

    IDENTIFIER  shift, and go to state 13
    LEFTBRACE   shift, and go to state 59
    IF_         shift, and go to state 60
    PRINTLN     shift, and go to state 61
    WHILE       shift, and go to state 62

    Statement   go to state 171
    Identifier  go to state 64


State 163

   31 Statement: Identifier LEFTPAREN Expression Expression_ RIGHTPAREN SEMICOLON .

    $default  reduce using rule 31 (Statement)


State 164

   27 Statement: Identifier LEFTBR Expression RIGHTBR ASSIGN Expression . SEMICOLON

    SEMICOLON  shift, and go to state 172


State 165

    6 MainClass: CLASS Identifier LEFTBRACE PUBLIC STATIC VOID MAIN LEFTPAREN STRING LEFTBR RIGHTBR Identifier . RIGHTPAREN LEFTBRACE PRINTLN LEFTPAREN Expression RIGHTPAREN SEMICOLON RIGHTBRACE RIGHTBRACE

    RIGHTPAREN  shift, and go to state 173


State 166

    7 MethodDeclaration: PUBLIC Type Identifier LEFTPAREN typeIdentifier_3 RIGHTPAREN LEFTBRACE . typeIdentifier_1 Statement_ RETURN Expression SEMICOLON RIGHTBRACE

    $default  reduce using rule 14 (typeIdentifier_1)

    typeIdentifier_1  go to state 174


State 167

   17 typeIdentifier2: COMMA . Type Identifier

    IDENTIFIER  shift, and go to state 13
    INT         shift, and go to state 39
    BOOLEAN     shift, and go to state 40

    Type        go to state 175
    Identifier  go to state 45


State 168

   18 typeIdentifier_3: Type Identifier typeIdentifier_2 .

    $default  reduce using rule 18 (typeIdentifier_3)


State 169

   15 typeIdentifier_2: typeIdentifier2 . typeIdentifier_2

    COMMA  shift, and go to state 167

    $default  reduce using rule 16 (typeIdentifier_2)

    typeIdentifier_2  go to state 176
    typeIdentifier2   go to state 169


State 170

   46 Expression: PrimaryExpression PERIOD Identifier LEFTPAREN Expression Expression_ RIGHTPAREN .

    $default  reduce using rule 46 (Expression)


State 171

   29 Statement: IF_ LEFTPAREN Expression RIGHTPAREN Statement ELSE_ Statement .

    $default  reduce using rule 29 (Statement)


State 172

   27 Statement: Identifier LEFTBR Expression RIGHTBR ASSIGN Expression SEMICOLON .

    $default  reduce using rule 27 (Statement)


State 173

    6 MainClass: CLASS Identifier LEFTBRACE PUBLIC STATIC VOID MAIN LEFTPAREN STRING LEFTBR RIGHTBR Identifier RIGHTPAREN . LEFTBRACE PRINTLN LEFTPAREN Expression RIGHTPAREN SEMICOLON RIGHTBRACE RIGHTBRACE

    LEFTBRACE  shift, and go to state 177


State 174

    7 MethodDeclaration: PUBLIC Type Identifier LEFTPAREN typeIdentifier_3 RIGHTPAREN LEFTBRACE typeIdentifier_1 . Statement_ RETURN Expression SEMICOLON RIGHTBRACE
   13 typeIdentifier_1: typeIdentifier_1 . typeIdentifier1

    IDENTIFIER  shift, and go to state 13
    LEFTBRACE   shift, and go to state 59
    INT         shift, and go to state 39
    BOOLEAN     shift, and go to state 40
    IF_         shift, and go to state 60
    PRINTLN     shift, and go to state 61
    WHILE       shift, and go to state 62

    $default  reduce using rule 71 (Statement_)

    typeIdentifier1  go to state 43
    Type             go to state 44
    Statement        go to state 63
    Identifier       go to state 178
    Statement_       go to state 179


State 175

   17 typeIdentifier2: COMMA Type . Identifier

    IDENTIFIER  shift, and go to state 13

    Identifier  go to state 180


State 176

   15 typeIdentifier_2: typeIdentifier2 typeIdentifier_2 .

    $default  reduce using rule 15 (typeIdentifier_2)


State 177

    6 MainClass: CLASS Identifier LEFTBRACE PUBLIC STATIC VOID MAIN LEFTPAREN STRING LEFTBR RIGHTBR Identifier RIGHTPAREN LEFTBRACE . PRINTLN LEFTPAREN Expression RIGHTPAREN SEMICOLON RIGHTBRACE RIGHTBRACE

    PRINTLN  shift, and go to state 181


State 178

   23 Type: Identifier .
   26 Statement: Identifier . ASSIGN Expression SEMICOLON
   27          | Identifier . LEFTBR Expression RIGHTBR ASSIGN Expression SEMICOLON
   31          | Identifier . LEFTPAREN Expression Expression_ RIGHTPAREN SEMICOLON
   32          | Identifier . LEFTPAREN RIGHTPAREN SEMICOLON

    LEFTPAREN  shift, and go to state 94
    LEFTBR     shift, and go to state 95
    ASSIGN     shift, and go to state 96

    $default  reduce using rule 23 (Type)


State 179

    7 MethodDeclaration: PUBLIC Type Identifier LEFTPAREN typeIdentifier_3 RIGHTPAREN LEFTBRACE typeIdentifier_1 Statement_ . RETURN Expression SEMICOLON RIGHTBRACE

    RETURN  shift, and go to state 182


State 180

   17 typeIdentifier2: COMMA Type Identifier .

    $default  reduce using rule 17 (typeIdentifier2)


State 181

    6 MainClass: CLASS Identifier LEFTBRACE PUBLIC STATIC VOID MAIN LEFTPAREN STRING LEFTBR RIGHTBR Identifier RIGHTPAREN LEFTBRACE PRINTLN . LEFTPAREN Expression RIGHTPAREN SEMICOLON RIGHTBRACE RIGHTBRACE

    LEFTPAREN  shift, and go to state 183


State 182

    7 MethodDeclaration: PUBLIC Type Identifier LEFTPAREN typeIdentifier_3 RIGHTPAREN LEFTBRACE typeIdentifier_1 Statement_ RETURN . Expression SEMICOLON RIGHTBRACE

    IDENTIFIER       shift, and go to state 13
    LEFTPAREN        shift, and go to state 48
    TRUEVAL          shift, and go to state 49
    FALSEVAL         shift, and go to state 50
    THIS             shift, and go to state 51
    NEW              shift, and go to state 52
    NOT              shift, and go to state 53
    INTEGER_LITERAL  shift, and go to state 54

    Expression         go to state 184
    PrimaryExpression  go to state 56
    Identifier         go to state 57
    Integer            go to state 58


State 183

    6 MainClass: CLASS Identifier LEFTBRACE PUBLIC STATIC VOID MAIN LEFTPAREN STRING LEFTBR RIGHTBR Identifier RIGHTPAREN LEFTBRACE PRINTLN LEFTPAREN . Expression RIGHTPAREN SEMICOLON RIGHTBRACE RIGHTBRACE

    IDENTIFIER       shift, and go to state 13
    LEFTPAREN        shift, and go to state 48
    TRUEVAL          shift, and go to state 49
    FALSEVAL         shift, and go to state 50
    THIS             shift, and go to state 51
    NEW              shift, and go to state 52
    NOT              shift, and go to state 53
    INTEGER_LITERAL  shift, and go to state 54

    Expression         go to state 185
    PrimaryExpression  go to state 56
    Identifier         go to state 57
    Integer            go to state 58


State 184

    7 MethodDeclaration: PUBLIC Type Identifier LEFTPAREN typeIdentifier_3 RIGHTPAREN LEFTBRACE typeIdentifier_1 Statement_ RETURN Expression . SEMICOLON RIGHTBRACE

    SEMICOLON  shift, and go to state 186


State 185

    6 MainClass: CLASS Identifier LEFTBRACE PUBLIC STATIC VOID MAIN LEFTPAREN STRING LEFTBR RIGHTBR Identifier RIGHTPAREN LEFTBRACE PRINTLN LEFTPAREN Expression . RIGHTPAREN SEMICOLON RIGHTBRACE RIGHTBRACE

    RIGHTPAREN  shift, and go to state 187


State 186

    7 MethodDeclaration: PUBLIC Type Identifier LEFTPAREN typeIdentifier_3 RIGHTPAREN LEFTBRACE typeIdentifier_1 Statement_ RETURN Expression SEMICOLON . RIGHTBRACE

    RIGHTBRACE  shift, and go to state 188


State 187

    6 MainClass: CLASS Identifier LEFTBRACE PUBLIC STATIC VOID MAIN LEFTPAREN STRING LEFTBR RIGHTBR Identifier RIGHTPAREN LEFTBRACE PRINTLN LEFTPAREN Expression RIGHTPAREN . SEMICOLON RIGHTBRACE RIGHTBRACE

    SEMICOLON  shift, and go to state 189


State 188

    7 MethodDeclaration: PUBLIC Type Identifier LEFTPAREN typeIdentifier_3 RIGHTPAREN LEFTBRACE typeIdentifier_1 Statement_ RETURN Expression SEMICOLON RIGHTBRACE .

    $default  reduce using rule 7 (MethodDeclaration)


State 189

    6 MainClass: CLASS Identifier LEFTBRACE PUBLIC STATIC VOID MAIN LEFTPAREN STRING LEFTBR RIGHTBR Identifier RIGHTPAREN LEFTBRACE PRINTLN LEFTPAREN Expression RIGHTPAREN SEMICOLON . RIGHTBRACE RIGHTBRACE

    RIGHTBRACE  shift, and go to state 190


State 190

    6 MainClass: CLASS Identifier LEFTBRACE PUBLIC STATIC VOID MAIN LEFTPAREN STRING LEFTBR RIGHTBR Identifier RIGHTPAREN LEFTBRACE PRINTLN LEFTPAREN Expression RIGHTPAREN SEMICOLON RIGHTBRACE . RIGHTBRACE

    RIGHTBRACE  shift, and go to state 191


State 191

    6 MainClass: CLASS Identifier LEFTBRACE PUBLIC STATIC VOID MAIN LEFTPAREN STRING LEFTBR RIGHTBR Identifier RIGHTPAREN LEFTBRACE PRINTLN LEFTPAREN Expression RIGHTPAREN SEMICOLON RIGHTBRACE RIGHTBRACE .

    $default  reduce using rule 6 (MainClass)
